<?xml version="1.0" encoding="UTF-8"?>
<!-- Generated by org.testng.reporters.JUnitXMLReporter -->
<testsuite hostname="RESHMAHPF16U5E7" ignored="0" name="Test" tests="7" failures="0" timestamp="21 Jan 2021 15:17:27 GMT" time="1224.919" errors="0">
  <testcase name="testErrortransactionId" time="178.656" classname="com.opentext.businessnetwork.BNSUI.tests.BNSUIScenarios"/>
  <testcase name="testErrortransactionId" time="178.452" classname="com.opentext.businessnetwork.BNSUI.tests.BNSUIScenarios"/>
  <testcase name="testErrortransactionId" time="178.774" classname="com.opentext.businessnetwork.BNSUI.tests.BNSUIScenarios"/>
  <testcase name="testErrortransactionId" time="158.776" classname="com.opentext.businessnetwork.BNSUI.tests.BNSUIScenarios"/>
  <testcase name="testErrortransactionId" time="159.038" classname="com.opentext.businessnetwork.BNSUI.tests.BNSUIScenarios"/>
  <testcase name="testErrortransactionId" time="102.72" classname="com.opentext.businessnetwork.BNSUI.tests.BNSUIScenarios"/>
  <testcase name="testValidTransactionid" time="179.525" classname="com.opentext.businessnetwork.BNSUI.tests.BNSUIScenarios"/>
</testsuite> <!-- Test -->
