<?xml version="1.0" encoding="UTF-8"?>
<!-- Generated by org.testng.reporters.JUnitXMLReporter -->
<testsuite hostname="RESHMAHPF16U5E7" ignored="0" name="Default test" tests="7" failures="0" timestamp="04 Nov 2020 12:53:17 GMT" time="1288.324" errors="0">
  <testcase name="testErrortransactionId" time="191.613" classname="com.opentext.businessnetwork.BNSUI.tests.BNSUIScenarios"/>
  <testcase name="testErrortransactionId" time="192.385" classname="com.opentext.businessnetwork.BNSUI.tests.BNSUIScenarios"/>
  <testcase name="testErrortransactionId" time="192.228" classname="com.opentext.businessnetwork.BNSUI.tests.BNSUIScenarios"/>
  <testcase name="testErrortransactionId" time="172.796" classname="com.opentext.businessnetwork.BNSUI.tests.BNSUIScenarios"/>
  <testcase name="testErrortransactionId" time="163.697" classname="com.opentext.businessnetwork.BNSUI.tests.BNSUIScenarios"/>
  <testcase name="testErrortransactionId" time="105.426" classname="com.opentext.businessnetwork.BNSUI.tests.BNSUIScenarios"/>
  <testcase name="testValidTransactionid" time="180.513" classname="com.opentext.businessnetwork.BNSUI.tests.BNSUIScenarios"/>
</testsuite> <!-- Default test -->
